93797525401: QUEUE: ans_1a23f884-2315-4a48-99bc-096bf4b968c9
93797525401: EXECUTING: ans_1a23f884-2315-4a48-99bc-096bf4b968c9
93797525401: SUCCESS: ans_1a23f884-2315-4a48-99bc-096bf4b968c9
93797525401: SUCCESS: ans_1a23f884-2315-4a48-99bc-096bf4b968c9
93797525401: QUEUE: ans_e5418870-2207-4165-9357-0cf3f91fd22d
93797525401: EXECUTING: ans_e5418870-2207-4165-9357-0cf3f91fd22d
93797525401: SUCCESS: ans_e5418870-2207-4165-9357-0cf3f91fd22d
93797525401: SUCCESS: ans_e5418870-2207-4165-9357-0cf3f91fd22d
93797525401: QUEUE: ans_89ca7f5a-eb22-4089-a19d-132e407c4d7e
93797525401: EXECUTING: ans_89ca7f5a-eb22-4089-a19d-132e407c4d7e
93797525401: SUCCESS: ans_89ca7f5a-eb22-4089-a19d-132e407c4d7e
93797525401: SUCCESS: ans_89ca7f5a-eb22-4089-a19d-132e407c4d7e
93797525401: QUEUE: ans_5adb5fa9-a6e4-4413-bbd0-862c50de53eb
93797525401: EXECUTING: ans_5adb5fa9-a6e4-4413-bbd0-862c50de53eb
93797525401: SUCCESS: ans_5adb5fa9-a6e4-4413-bbd0-862c50de53eb
93797525401: SUCCESS: ans_5adb5fa9-a6e4-4413-bbd0-862c50de53eb
93797525401: QUEUE: ans_75c7a47e-4f90-4796-8af4-202908de30bc
93797525401: EXECUTING: ans_75c7a47e-4f90-4796-8af4-202908de30bc
93797525401: SUCCESS: ans_75c7a47e-4f90-4796-8af4-202908de30bc
93797525401: SUCCESS: ans_75c7a47e-4f90-4796-8af4-202908de30bc
93797525401: QUEUE: ans_1a23f884-2315-4a48-99bc-096bf4b968c9
93797525401: EXECUTING: ans_1a23f884-2315-4a48-99bc-096bf4b968c9
93797525401: SUCCESS: ans_1a23f884-2315-4a48-99bc-096bf4b968c9
93797525401: SUCCESS: ans_1a23f884-2315-4a48-99bc-096bf4b968c9
120363211782742312@newsletter: QUEUE: ans_1a23f884-2315-4a48-99bc-096bf4b968c9
120363211782742312@newsletter: EXECUTING: ans_1a23f884-2315-4a48-99bc-096bf4b968c9
923132197970: QUEUE: ans_e5418870-2207-4165-9357-0cf3f91fd22d
923132197970: EXECUTING: ans_e5418870-2207-4165-9357-0cf3f91fd22d
923132197970: SUCCESS: ans_e5418870-2207-4165-9357-0cf3f91fd22d
923132197970: SUCCESS: ans_e5418870-2207-4165-9357-0cf3f91fd22d
120363211782742312@newsletter:ERROR: {"data":{"stack":"Error\n    at promiseTimeout (C:\\Users\\DELL\\Downloads\\New folder (20)\\base-ts-baileys-memory\\node_modules\\.pnpm\\@whiskeysockets+baileys@6.7.16_eslint@8.57.1_typescript@5.8.3\\node_modules\\@whiskeysockets\\baileys\\lib\\Utils\\generics.js:165:19)\n    at waitForMessage (C:\\Users\\DELL\\Downloads\\New folder (20)\\base-ts-baileys-memory\\node_modules\\.pnpm\\@whiskeysockets+baileys@6.7.16_eslint@8.57.1_typescript@5.8.3\\node_modules\\@whiskeysockets\\baileys\\lib\\Socket\\socket.js:117:53)\n    at query (C:\\Users\\DELL\\Downloads\\New folder (20)\\base-ts-baileys-memory\\node_modules\\.pnpm\\@whiskeysockets+baileys@6.7.16_eslint@8.57.1_typescript@5.8.3\\node_modules\\@whiskeysockets\\baileys\\lib\\Socket\\socket.js:139:22)\n    at Object.executeUSyncQuery (C:\\Users\\DELL\\Downloads\\New folder (20)\\base-ts-baileys-memory\\node_modules\\.pnpm\\@whiskeysockets+baileys@6.7.16_eslint@8.57.1_typescript@5.8.3\\node_modules\\@whiskeysockets\\baileys\\lib\\Socket\\usync.js:62:30)\n    at getUSyncDevices (C:\\Users\\DELL\\Downloads\\New folder (20)\\base-ts-baileys-memory\\node_modules\\.pnpm\\@whiskeysockets+baileys@6.7.16_eslint@8.57.1_typescript@5.8.3\\node_modules\\@whiskeysockets\\baileys\\lib\\Socket\\messages-send.js:147:35)\n    at C:\\Users\\DELL\\Downloads\\New folder (20)\\base-ts-baileys-memory\\node_modules\\.pnpm\\@whiskeysockets+baileys@6.7.16_eslint@8.57.1_typescript@5.8.3\\node_modules\\@whiskeysockets\\baileys\\lib\\Socket\\messages-send.js:371:57\n    at Object.transaction (C:\\Users\\DELL\\Downloads\\New folder (20)\\base-ts-baileys-memory\\node_modules\\.pnpm\\@whiskeysockets+baileys@6.7.16_eslint@8.57.1_typescript@5.8.3\\node_modules\\@whiskeysockets\\baileys\\lib\\Utils\\auth-utils.js:135:32)\n    at relayMessage (C:\\Users\\DELL\\Downloads\\New folder (20)\\base-ts-baileys-memory\\node_modules\\.pnpm\\@whiskeysockets+baileys@6.7.16_eslint@8.57.1_typescript@5.8.3\\node_modules\\@whiskeysockets\\baileys\\lib\\Socket\\messages-send.js:287:30)\n    at Object.sendMessage (C:\\Users\\DELL\\Downloads\\New folder (20)\\base-ts-baileys-memory\\node_modules\\.pnpm\\@whiskeysockets+baileys@6.7.16_eslint@8.57.1_typescript@5.8.3\\node_modules\\@whiskeysockets\\baileys\\lib\\Socket\\messages-send.js:662:23)\n    at async CoreClass.CoreClass.sendProviderAndSave (C:\\Users\\DELL\\Downloads\\New folder (20)\\base-ts-baileys-memory\\node_modules\\.pnpm\\@builderbot+bot@1.2.6\\node_modules\\@builderbot\\bot\\dist\\index.cjs:14445:45)"},"isBoom":true,"isServer":false,"output":{"statusCode":408,"payload":{"statusCode":408,"error":"Request Time-out","message":"Timed Out"},"headers":{}}}
